
**** Build of configuration Debug for project test ****

Nothing to build for project test
01:48:04 **** Incremental Build of configuration Debug for project test ****
make all 
Building file: ../main.c
Invoking: Cross GCC Compiler
arm-buildroot-linux-uclibcgnueabihf-gcc -O0 -g3 -Wall -c -fmessage-length=0 -MMD -MP -MF"main.d" -MT"main.d" -o "main.o" "../main.c"
Finished building: ../main.c
 
Building target: test
Invoking: Cross GCC Linker
arm-buildroot-linux-uclibcgnueabihf-gcc  -o "test"  ./main.o   
/opt/toolchain/arm/linux/buildroot/v2015.08.1/host/usr/bin/../arm-buildroot-linux-uclibcgnueabihf/sysroot/usr/lib/crt1.o: In function `_start':
(.text+0x34): undefined reference to `main'
collect2: error: ld returned 1 exit status
make: *** [test] Error 1
01:48:41 **** Incremental Build of configuration Debug for project test ****
make all 
Building file: ../main.c
Invoking: Cross GCC Compiler
arm-buildroot-linux-uclibcgnueabihf-gcc -O0 -g3 -Wall -c -fmessage-length=0 -MMD -MP -MF"main.d" -MT"main.d" -o "main.o" "../main.c"
Finished building: ../main.c
 
Building target: test
Invoking: Cross GCC Linker
arm-buildroot-linux-uclibcgnueabihf-gcc  -o "test"  ./main.o   
Finished building target: test
 
01:49:00 **** Incremental Build of configuration Debug for project test ****
make all 
make: Nothing to be done for `all'.
01:49:01 **** Incremental Build of configuration Debug for project test ****
make all 
make: Nothing to be done for `all'.
01:49:10 **** Incremental Build of configuration Debug for project test ****
make all 
make: Nothing to be done for `all'.
01:49:25 **** Incremental Build of configuration Debug for project test ****
make all 
Building file: ../main.c
Invoking: Cross GCC Compiler
arm-buildroot-linux-uclibcgnueabihf-gcc -O0 -g3 -Wall -c -fmessage-length=0 -MMD -MP -MF"main.d" -MT"main.d" -o "main.o" "../main.c"
Finished building: ../main.c
 
Building target: test
Invoking: Cross GCC Linker
arm-buildroot-linux-uclibcgnueabihf-gcc  -o "test"  ./main.o   
Finished building target: test
 
01:49:33 **** Incremental Build of configuration Debug for project test ****
make all 
make: Nothing to be done for `all'.
01:52:58 **** Build of configuration Debug for project test ****
make all 
make: Nothing to be done for `all'.
01:54:03 **** Incremental Build of configuration Debug for project test ****
make all 
make: Nothing to be done for `all'.
